# JRE version: Java(TM) SE Runtime Environment (8.0_181-b13) (build 1.8.0_181-b13)
# Java VM: Java HotSpot(TM) 64-Bit Server VM (25.181-b13 mixed mode windows-amd64 compressed oops)
Heap:
 PSYoungGen      total 77312K, used 66048K [0x00000000eab00000, 0x00000000f1700000, 0x0000000100000000)
  eden space 66048K, 100% used [0x00000000eab00000,0x00000000eeb80000,0x00000000eeb80000)
  from space 11264K, 0% used [0x00000000eeb80000,0x00000000eeb80000,0x00000000ef680000)
  to   space 10752K, 42% used [0x00000000f0c80000,0x00000000f10ec050,0x00000000f1700000)
 ParOldGen       total 62976K, used 14707K [0x00000000c0000000, 0x00000000c3d80000, 0x00000000eab00000)
  object space 62976K, 23% used [0x00000000c0000000,0x00000000c0e5cef8,0x00000000c3d80000)
 Metaspace       used 41614K, capacity 42142K, committed 42624K, reserved 1085440K
  class space    used 5949K, capacity 6161K, committed 6272K, reserved 1048576K
GC Heap History (10 events):
Event: 4.045 GC heap after
Heap after GC invocations=7 (full 1):
 PSYoungGen      total 56832K, used 4735K [0x00000000eab00000, 0x00000000efb80000, 0x0000000100000000)
  eden space 51712K, 0% used [0x00000000eab00000,0x00000000eab00000,0x00000000edd80000)
  from space 5120K, 92% used [0x00000000ef680000,0x00000000efb1fcc8,0x00000000efb80000)
  to   space 10752K, 0% used [0x00000000ee680000,0x00000000ee680000,0x00000000ef100000)
 ParOldGen       total 62976K, used 9068K [0x00000000c0000000, 0x00000000c3d80000, 0x00000000eab00000)
  object space 62976K, 14% used [0x00000000c0000000,0x00000000c08db2a0,0x00000000c3d80000)
 Metaspace       used 25914K, capacity 26252K, committed 26496K, reserved 1073152K
  class space    used 3500K, capacity 3638K, committed 3712K, reserved 1048576K
}
Event: 4.888 GC heap before
{Heap before GC invocations=8 (full 1):
 PSYoungGen      total 56832K, used 56447K [0x00000000eab00000, 0x00000000efb80000, 0x0000000100000000)
  eden space 51712K, 100% used [0x00000000eab00000,0x00000000edd80000,0x00000000edd80000)
  from space 5120K, 92% used [0x00000000ef680000,0x00000000efb1fcc8,0x00000000efb80000)
  to   space 10752K, 0% used [0x00000000ee680000,0x00000000ee680000,0x00000000ef100000)
 ParOldGen       total 62976K, used 9068K [0x00000000c0000000, 0x00000000c3d80000, 0x00000000eab00000)
  object space 62976K, 14% used [0x00000000c0000000,0x00000000c08db2a0,0x00000000c3d80000)
 Metaspace       used 29424K, capacity 29762K, committed 30080K, reserved 1075200K
  class space    used 4084K, capacity 4224K, committed 4224K, reserved 1048576K
Event: 4.900 GC heap after
Heap after GC invocations=8 (full 1):
 PSYoungGen      total 62464K, used 7248K [0x00000000eab00000, 0x00000000efb80000, 0x0000000100000000)
  eden space 51712K, 0% used [0x00000000eab00000,0x00000000eab00000,0x00000000edd80000)
  from space 10752K, 67% used [0x00000000ee680000,0x00000000eed94278,0x00000000ef100000)
  to   space 5120K, 0% used [0x00000000ef680000,0x00000000ef680000,0x00000000efb80000)
 ParOldGen       total 62976K, used 9076K [0x00000000c0000000, 0x00000000c3d80000, 0x00000000eab00000)
  object space 62976K, 14% used [0x00000000c0000000,0x00000000c08dd2a0,0x00000000c3d80000)
 Metaspace       used 29424K, capacity 29762K, committed 30080K, reserved 1075200K
  class space    used 4084K, capacity 4224K, committed 4224K, reserved 1048576K
}
Event: 5.865 GC heap before
{Heap before GC invocations=9 (full 1):
 PSYoungGen      total 62464K, used 58960K [0x00000000eab00000, 0x00000000efb80000, 0x0000000100000000)
  eden space 51712K, 100% used [0x00000000eab00000,0x00000000edd80000,0x00000000edd80000)
  from space 10752K, 67% used [0x00000000ee680000,0x00000000eed94278,0x00000000ef100000)
  to   space 5120K, 0% used [0x00000000ef680000,0x00000000ef680000,0x00000000efb80000)
 ParOldGen       total 62976K, used 9076K [0x00000000c0000000, 0x00000000c3d80000, 0x00000000eab00000)
  object space 62976K, 14% used [0x00000000c0000000,0x00000000c08dd2a0,0x00000000c3d80000)
 Metaspace       used 33321K, capacity 33894K, committed 34176K, reserved 1079296K
  class space    used 4673K, capacity 4868K, committed 4992K, reserved 1048576K
Event: 5.878 GC heap after
Heap after GC invocations=9 (full 1):
 PSYoungGen      total 71168K, used 5088K [0x00000000eab00000, 0x00000000f0e80000, 0x0000000100000000)
  eden space 66048K, 0% used [0x00000000eab00000,0x00000000eab00000,0x00000000eeb80000)
  from space 5120K, 99% used [0x00000000ef680000,0x00000000efb78020,0x00000000efb80000)
  to   space 11264K, 0% used [0x00000000eeb80000,0x00000000eeb80000,0x00000000ef680000)
 ParOldGen       total 62976K, used 12975K [0x00000000c0000000, 0x00000000c3d80000, 0x00000000eab00000)
  object space 62976K, 20% used [0x00000000c0000000,0x00000000c0cabe20,0x00000000c3d80000)
 Metaspace       used 33321K, capacity 33894K, committed 34176K, reserved 1079296K
  class space    used 4673K, capacity 4868K, committed 4992K, reserved 1048576K
}
Event: 6.223 GC heap before
{Heap before GC invocations=10 (full 1):
 PSYoungGen      total 71168K, used 33335K [0x00000000eab00000, 0x00000000f0e80000, 0x0000000100000000)
  eden space 66048K, 42% used [0x00000000eab00000,0x00000000ec695cb0,0x00000000eeb80000)
  from space 5120K, 99% used [0x00000000ef680000,0x00000000efb78020,0x00000000efb80000)
  to   space 11264K, 0% used [0x00000000eeb80000,0x00000000eeb80000,0x00000000ef680000)
 ParOldGen       total 62976K, used 12975K [0x00000000c0000000, 0x00000000c3d80000, 0x00000000eab00000)
  object space 62976K, 20% used [0x00000000c0000000,0x00000000c0cabe20,0x00000000c3d80000)
 Metaspace       used 34656K, capacity 35230K, committed 35496K, reserved 1079296K
  class space    used 4911K, capacity 5099K, committed 5120K, reserved 1048576K
Event: 6.232 GC heap after
Heap after GC invocations=10 (full 1):
 PSYoungGen      total 77312K, used 5177K [0x00000000eab00000, 0x00000000f1700000, 0x0000000100000000)
  eden space 66048K, 0% used [0x00000000eab00000,0x00000000eab00000,0x00000000eeb80000)
  from space 11264K, 45% used [0x00000000eeb80000,0x00000000ef08e650,0x00000000ef680000)
  to   space 10752K, 0% used [0x00000000f0c80000,0x00000000f0c80000,0x00000000f1700000)
 ParOldGen       total 62976K, used 15123K [0x00000000c0000000, 0x00000000c3d80000, 0x00000000eab00000)
  object space 62976K, 24% used [0x00000000c0000000,0x00000000c0ec4e60,0x00000000c3d80000)
 Metaspace       used 34656K, capacity 35230K, committed 35496K, reserved 1079296K
  class space    used 4911K, capacity 5099K, committed 5120K, reserved 1048576K
}
Event: 6.232 GC heap before
{Heap before GC invocations=11 (full 2):
 PSYoungGen      total 77312K, used 5177K [0x00000000eab00000, 0x00000000f1700000, 0x0000000100000000)
  eden space 66048K, 0% used [0x00000000eab00000,0x00000000eab00000,0x00000000eeb80000)
  from space 11264K, 45% used [0x00000000eeb80000,0x00000000ef08e650,0x00000000ef680000)
  to   space 10752K, 0% used [0x00000000f0c80000,0x00000000f0c80000,0x00000000f1700000)
 ParOldGen       total 62976K, used 15123K [0x00000000c0000000, 0x00000000c3d80000, 0x00000000eab00000)
  object space 62976K, 24% used [0x00000000c0000000,0x00000000c0ec4e60,0x00000000c3d80000)
 Metaspace       used 34656K, capacity 35230K, committed 35496K, reserved 1079296K
  class space    used 4911K, capacity 5099K, committed 5120K, reserved 1048576K
Event: 6.331 GC heap after
Heap after GC invocations=11 (full 2):
 PSYoungGen      total 77312K, used 0K [0x00000000eab00000, 0x00000000f1700000, 0x0000000100000000)
  eden space 66048K, 0% used [0x00000000eab00000,0x00000000eab00000,0x00000000eeb80000)
  from space 11264K, 0% used [0x00000000eeb80000,0x00000000eeb80000,0x00000000ef680000)
  to   space 10752K, 0% used [0x00000000f0c80000,0x00000000f0c80000,0x00000000f1700000)
 ParOldGen       total 62976K, used 14699K [0x00000000c0000000, 0x00000000c3d80000, 0x00000000eab00000)
  object space 62976K, 23% used [0x00000000c0000000,0x00000000c0e5aef8,0x00000000c3d80000)
 Metaspace       used 34610K, capacity 35096K, committed 35496K, reserved 1079296K
  class space    used 4895K, capacity 5053K, committed 5120K, reserved 1048576K
}
Event: 8.463 GC heap before
{Heap before GC invocations=12 (full 2):
 PSYoungGen      total 77312K, used 66048K [0x00000000eab00000, 0x00000000f1700000, 0x0000000100000000)
  eden space 66048K, 100% used [0x00000000eab00000,0x00000000eeb80000,0x00000000eeb80000)
  from space 11264K, 0% used [0x00000000eeb80000,0x00000000eeb80000,0x00000000ef680000)
  to   space 10752K, 0% used [0x00000000f0c80000,0x00000000f0c80000,0x00000000f1700000)
 ParOldGen       total 62976K, used 14699K [0x00000000c0000000, 0x00000000c3d80000, 0x00000000eab00000)
  object space 62976K, 23% used [0x00000000c0000000,0x00000000c0e5aef8,0x00000000c3d80000)
 Metaspace       used 41614K, capacity 42142K, committed 42624K, reserved 1085440K
  class space    used 5949K, capacity 6161K, committed 6272K, reserved 1048576K

