# JRE version: Java(TM) SE Runtime Environment (8.0_181-b13) (build 1.8.0_181-b13)
# Java VM: Java HotSpot(TM) 64-Bit Server VM (25.181-b13 mixed mode windows-amd64 compressed oops)
Heap:
 PSYoungGen      total 43520K, used 21776K [0x00000000eab00000, 0x00000000eed80000, 0x0000000100000000)
  eden space 32768K, 55% used [0x00000000eab00000,0x00000000ebca5870,0x00000000ecb00000)
  from space 10752K, 34% used [0x00000000ed580000,0x00000000ed91e8b8,0x00000000ee000000)
  to   space 10752K, 0% used [0x00000000ecb00000,0x00000000ecb00000,0x00000000ed580000)
 ParOldGen       total 68096K, used 8679K [0x00000000c0000000, 0x00000000c4280000, 0x00000000eab00000)
  object space 68096K, 12% used [0x00000000c0000000,0x00000000c0879cb8,0x00000000c4280000)
 Metaspace       used 25253K, capacity 25518K, committed 25728K, reserved 1071104K
  class space    used 3580K, capacity 3706K, committed 3712K, reserved 1048576K
GC Heap History (10 events):
Event: 8.098 GC heap before
{Heap before GC invocations=3 (full 0):
 PSYoungGen      total 38400K, used 38354K [0x00000000eab00000, 0x00000000ed580000, 0x0000000100000000)
  eden space 33280K, 100% used [0x00000000eab00000,0x00000000ecb80000,0x00000000ecb80000)
  from space 5120K, 99% used [0x00000000ed080000,0x00000000ed574b70,0x00000000ed580000)
  to   space 5120K, 0% used [0x00000000ecb80000,0x00000000ecb80000,0x00000000ed080000)
 ParOldGen       total 87552K, used 16K [0x00000000c0000000, 0x00000000c5580000, 0x00000000eab00000)
  object space 87552K, 0% used [0x00000000c0000000,0x00000000c0004000,0x00000000c5580000)
 Metaspace       used 13726K, capacity 13994K, committed 14208K, reserved 1060864K
  class space    used 1978K, capacity 2077K, committed 2176K, reserved 1048576K
Event: 8.115 GC heap after
Heap after GC invocations=3 (full 0):
 PSYoungGen      total 38400K, used 5091K [0x00000000eab00000, 0x00000000ed580000, 0x0000000100000000)
  eden space 33280K, 0% used [0x00000000eab00000,0x00000000eab00000,0x00000000ecb80000)
  from space 5120K, 99% used [0x00000000ecb80000,0x00000000ed078c60,0x00000000ed080000)
  to   space 5120K, 0% used [0x00000000ed080000,0x00000000ed080000,0x00000000ed580000)
 ParOldGen       total 87552K, used 1846K [0x00000000c0000000, 0x00000000c5580000, 0x00000000eab00000)
  object space 87552K, 2% used [0x00000000c0000000,0x00000000c01cd8b0,0x00000000c5580000)
 Metaspace       used 13726K, capacity 13994K, committed 14208K, reserved 1060864K
  class space    used 1978K, capacity 2077K, committed 2176K, reserved 1048576K
}
Event: 10.536 GC heap before
{Heap before GC invocations=4 (full 0):
 PSYoungGen      total 38400K, used 38371K [0x00000000eab00000, 0x00000000ed580000, 0x0000000100000000)
  eden space 33280K, 100% used [0x00000000eab00000,0x00000000ecb80000,0x00000000ecb80000)
  from space 5120K, 99% used [0x00000000ecb80000,0x00000000ed078c60,0x00000000ed080000)
  to   space 5120K, 0% used [0x00000000ed080000,0x00000000ed080000,0x00000000ed580000)
 ParOldGen       total 87552K, used 1846K [0x00000000c0000000, 0x00000000c5580000, 0x00000000eab00000)
  object space 87552K, 2% used [0x00000000c0000000,0x00000000c01cd8b0,0x00000000c5580000)
 Metaspace       used 16865K, capacity 17266K, committed 17536K, reserved 1064960K
  class space    used 2509K, capacity 2655K, committed 2688K, reserved 1048576K
Event: 10.548 GC heap after
Heap after GC invocations=4 (full 0):
 PSYoungGen      total 38400K, used 5120K [0x00000000eab00000, 0x00000000ed580000, 0x0000000100000000)
  eden space 33280K, 0% used [0x00000000eab00000,0x00000000eab00000,0x00000000ecb80000)
  from space 5120K, 100% used [0x00000000ed080000,0x00000000ed580000,0x00000000ed580000)
  to   space 5120K, 0% used [0x00000000ecb80000,0x00000000ecb80000,0x00000000ed080000)
 ParOldGen       total 87552K, used 4956K [0x00000000c0000000, 0x00000000c5580000, 0x00000000eab00000)
  object space 87552K, 5% used [0x00000000c0000000,0x00000000c04d7240,0x00000000c5580000)
 Metaspace       used 16865K, capacity 17266K, committed 17536K, reserved 1064960K
  class space    used 2509K, capacity 2655K, committed 2688K, reserved 1048576K
}
Event: 13.085 GC heap before
{Heap before GC invocations=5 (full 0):
 PSYoungGen      total 38400K, used 29018K [0x00000000eab00000, 0x00000000ed580000, 0x0000000100000000)
  eden space 33280K, 71% used [0x00000000eab00000,0x00000000ec2569a0,0x00000000ecb80000)
  from space 5120K, 100% used [0x00000000ed080000,0x00000000ed580000,0x00000000ed580000)
  to   space 5120K, 0% used [0x00000000ecb80000,0x00000000ecb80000,0x00000000ed080000)
 ParOldGen       total 87552K, used 4956K [0x00000000c0000000, 0x00000000c5580000, 0x00000000eab00000)
  object space 87552K, 5% used [0x00000000c0000000,0x00000000c04d7240,0x00000000c5580000)
 Metaspace       used 20833K, capacity 21078K, committed 21296K, reserved 1067008K
  class space    used 3004K, capacity 3110K, committed 3200K, reserved 1048576K
Event: 13.106 GC heap after
Heap after GC invocations=5 (full 0):
 PSYoungGen      total 37888K, used 5092K [0x00000000eab00000, 0x00000000ee000000, 0x0000000100000000)
  eden space 32768K, 0% used [0x00000000eab00000,0x00000000eab00000,0x00000000ecb00000)
  from space 5120K, 99% used [0x00000000ecb80000,0x00000000ed079050,0x00000000ed080000)
  to   space 10752K, 0% used [0x00000000ed580000,0x00000000ed580000,0x00000000ee000000)
 ParOldGen       total 87552K, used 8442K [0x00000000c0000000, 0x00000000c5580000, 0x00000000eab00000)
  object space 87552K, 9% used [0x00000000c0000000,0x00000000c083e980,0x00000000c5580000)
 Metaspace       used 20833K, capacity 21078K, committed 21296K, reserved 1067008K
  class space    used 3004K, capacity 3110K, committed 3200K, reserved 1048576K
}
Event: 13.106 GC heap before
{Heap before GC invocations=6 (full 1):
 PSYoungGen      total 37888K, used 5092K [0x00000000eab00000, 0x00000000ee000000, 0x0000000100000000)
  eden space 32768K, 0% used [0x00000000eab00000,0x00000000eab00000,0x00000000ecb00000)
  from space 5120K, 99% used [0x00000000ecb80000,0x00000000ed079050,0x00000000ed080000)
  to   space 10752K, 0% used [0x00000000ed580000,0x00000000ed580000,0x00000000ee000000)
 ParOldGen       total 87552K, used 8442K [0x00000000c0000000, 0x00000000c5580000, 0x00000000eab00000)
  object space 87552K, 9% used [0x00000000c0000000,0x00000000c083e980,0x00000000c5580000)
 Metaspace       used 20833K, capacity 21078K, committed 21296K, reserved 1067008K
  class space    used 3004K, capacity 3110K, committed 3200K, reserved 1048576K
Event: 13.248 GC heap after
Heap after GC invocations=6 (full 1):
 PSYoungGen      total 37888K, used 0K [0x00000000eab00000, 0x00000000ee000000, 0x0000000100000000)
  eden space 32768K, 0% used [0x00000000eab00000,0x00000000eab00000,0x00000000ecb00000)
  from space 5120K, 0% used [0x00000000ecb80000,0x00000000ecb80000,0x00000000ed080000)
  to   space 10752K, 0% used [0x00000000ed580000,0x00000000ed580000,0x00000000ee000000)
 ParOldGen       total 68096K, used 8671K [0x00000000c0000000, 0x00000000c4280000, 0x00000000eab00000)
  object space 68096K, 12% used [0x00000000c0000000,0x00000000c0877cb8,0x00000000c4280000)
 Metaspace       used 20833K, capacity 21078K, committed 21296K, reserved 1067008K
  class space    used 3004K, capacity 3110K, committed 3200K, reserved 1048576K
}
Event: 14.911 GC heap before
{Heap before GC invocations=7 (full 1):
 PSYoungGen      total 37888K, used 32768K [0x00000000eab00000, 0x00000000ee000000, 0x0000000100000000)
  eden space 32768K, 100% used [0x00000000eab00000,0x00000000ecb00000,0x00000000ecb00000)
  from space 5120K, 0% used [0x00000000ecb80000,0x00000000ecb80000,0x00000000ed080000)
  to   space 10752K, 0% used [0x00000000ed580000,0x00000000ed580000,0x00000000ee000000)
 ParOldGen       total 68096K, used 8671K [0x00000000c0000000, 0x00000000c4280000, 0x00000000eab00000)
  object space 68096K, 12% used [0x00000000c0000000,0x00000000c0877cb8,0x00000000c4280000)
 Metaspace       used 23968K, capacity 24326K, committed 24576K, reserved 1071104K
  class space    used 3383K, capacity 3503K, committed 3584K, reserved 1048576K
Event: 14.935 GC heap after
Heap after GC invocations=7 (full 1):
 PSYoungGen      total 43520K, used 3706K [0x00000000eab00000, 0x00000000eed80000, 0x0000000100000000)
  eden space 32768K, 0% used [0x00000000eab00000,0x00000000eab00000,0x00000000ecb00000)
  from space 10752K, 34% used [0x00000000ed580000,0x00000000ed91e8b8,0x00000000ee000000)
  to   space 10752K, 0% used [0x00000000ecb00000,0x00000000ecb00000,0x00000000ed580000)
 ParOldGen       total 68096K, used 8679K [0x00000000c0000000, 0x00000000c4280000, 0x00000000eab00000)
  object space 68096K, 12% used [0x00000000c0000000,0x00000000c0879cb8,0x00000000c4280000)
 Metaspace       used 23968K, capacity 24326K, committed 24576K, reserved 1071104K
  class space    used 3383K, capacity 3503K, committed 3584K, reserved 1048576K
}

